{
"contracts/Cash.sol":{"l":{"11":0,"12":0,"16":0,"20":0,"24":0,"28":0,"29":0,"33":0,"34":0},"path":"/Users/lukewatson/projects/crypto/the-firm/contracts/contracts/Cash.sol","s":{"1":0,"2":0,"3":0,"4":0,"5":0,"6":0,"7":0},"b":{"1":[0,0],"2":[0,0]},"f":{"1":0,"2":0,"3":0,"4":0,"5":0,"6":0},"fnMap":{"1":{"name":"constructor","line":10,"loc":{"start":{"line":10,"column":4},"end":{"line":13,"column":4}}},"2":{"name":"mint","line":15,"loc":{"start":{"line":15,"column":4},"end":{"line":17,"column":4}}},"3":{"name":"burn","line":19,"loc":{"start":{"line":19,"column":4},"end":{"line":21,"column":4}}},"4":{"name":"setCashMinter","line":23,"loc":{"start":{"line":23,"column":4},"end":{"line":25,"column":4}}},"5":{"name":"onlyAdmin","line":27,"loc":{"start":{"line":27,"column":4},"end":{"line":30,"column":4}}},"6":{"name":"onlyCashMinter","line":32,"loc":{"start":{"line":32,"column":4},"end":{"line":35,"column":4}}}},"statementMap":{"1":{"start":{"line":11,"column":8},"end":{"line":11,"column":36}},"2":{"start":{"line":12,"column":8},"end":{"line":12,"column":40}},"3":{"start":{"line":16,"column":8},"end":{"line":16,"column":33}},"4":{"start":{"line":20,"column":8},"end":{"line":20,"column":39}},"5":{"start":{"line":24,"column":8},"end":{"line":24,"column":35}},"6":{"start":{"line":28,"column":8},"end":{"line":28,"column":55}},"7":{"start":{"line":33,"column":8},"end":{"line":33,"column":67}}},"branchMap":{"1":{"line":28,"type":"if","locations":[{"start":{"line":28,"column":8},"end":{"line":28,"column":8}},{"start":{"line":28,"column":8},"end":{"line":28,"column":8}}]},"2":{"line":33,"type":"if","locations":[{"start":{"line":33,"column":8},"end":{"line":33,"column":8}},{"start":{"line":33,"column":8},"end":{"line":33,"column":8}}]}}},
"contracts/item/ItemBase.sol":{"l":{"13":0,"17":0,"19":0,"20":0,"21":0,"27":0},"path":"/Users/lukewatson/projects/crypto/the-firm/contracts/contracts/item/ItemBase.sol","s":{"1":0,"2":0,"3":0,"4":0,"5":0},"b":{},"f":{"1":0,"2":0,"3":0},"fnMap":{"1":{"name":"constructor","line":12,"loc":{"start":{"line":12,"column":4},"end":{"line":14,"column":4}}},"2":{"name":"mint","line":16,"loc":{"start":{"line":16,"column":4},"end":{"line":23,"column":4}}},"3":{"name":"destroy","line":26,"loc":{"start":{"line":26,"column":4},"end":{"line":28,"column":4}}}},"statementMap":{"1":{"start":{"line":13,"column":8},"end":{"line":13,"column":21}},"2":{"start":{"line":17,"column":8},"end":{"line":17,"column":55}},"3":{"start":{"line":19,"column":8},"end":{"line":19,"column":538}},"4":{"start":{"line":20,"column":12},"end":{"line":20,"column":38}},"5":{"start":{"line":27,"column":8},"end":{"line":27,"column":20}}},"branchMap":{}},
"contracts/item/weapon/WeaponBase.sol":{"l":{"14":0,"15":0},"path":"/Users/lukewatson/projects/crypto/the-firm/contracts/contracts/item/weapon/WeaponBase.sol","s":{"1":0,"2":0},"b":{},"f":{"1":0},"fnMap":{"1":{"name":"constructor","line":13,"loc":{"start":{"line":9,"column":4},"end":{"line":16,"column":4}}}},"statementMap":{"1":{"start":{"line":14,"column":8},"end":{"line":14,"column":21}},"2":{"start":{"line":15,"column":8},"end":{"line":15,"column":33}}},"branchMap":{}},
"contracts/lib/DSMath.sol":{"l":{"22":0,"26":0,"30":0,"34":0,"38":0,"42":0,"46":0,"53":0,"57":0,"61":0,"65":0,"84":0,"86":0,"87":0,"89":0,"90":0},"path":"/Users/lukewatson/projects/crypto/the-firm/contracts/contracts/lib/DSMath.sol","s":{"1":0,"2":0,"3":0,"4":0,"5":0,"6":0,"7":0,"8":0,"9":0,"10":0,"11":0,"12":0,"13":0,"14":0,"15":0,"16":0},"b":{"1":[0,0],"2":[0,0],"3":[0,0],"4":[0,0]},"f":{"1":0,"2":0,"3":0,"4":0,"5":0,"6":0,"7":0,"8":0,"9":0,"10":0,"11":0,"12":0},"fnMap":{"1":{"name":"add","line":21,"loc":{"start":{"line":21,"column":4},"end":{"line":23,"column":4}}},"2":{"name":"sub","line":25,"loc":{"start":{"line":25,"column":4},"end":{"line":27,"column":4}}},"3":{"name":"mul","line":29,"loc":{"start":{"line":29,"column":4},"end":{"line":31,"column":4}}},"4":{"name":"min","line":33,"loc":{"start":{"line":33,"column":4},"end":{"line":35,"column":4}}},"5":{"name":"max","line":37,"loc":{"start":{"line":37,"column":4},"end":{"line":39,"column":4}}},"6":{"name":"imin","line":41,"loc":{"start":{"line":41,"column":4},"end":{"line":43,"column":4}}},"7":{"name":"imax","line":45,"loc":{"start":{"line":45,"column":4},"end":{"line":47,"column":4}}},"8":{"name":"wmul","line":52,"loc":{"start":{"line":52,"column":4},"end":{"line":54,"column":4}}},"9":{"name":"rmul","line":56,"loc":{"start":{"line":56,"column":4},"end":{"line":58,"column":4}}},"10":{"name":"wdiv","line":60,"loc":{"start":{"line":60,"column":4},"end":{"line":62,"column":4}}},"11":{"name":"rdiv","line":64,"loc":{"start":{"line":64,"column":4},"end":{"line":66,"column":4}}},"12":{"name":"rpow","line":83,"loc":{"start":{"line":83,"column":4},"end":{"line":93,"column":4}}}},"statementMap":{"1":{"start":{"line":22,"column":8},"end":{"line":22,"column":56}},"2":{"start":{"line":26,"column":8},"end":{"line":26,"column":57}},"3":{"start":{"line":30,"column":8},"end":{"line":30,"column":70}},"4":{"start":{"line":34,"column":8},"end":{"line":34,"column":29}},"5":{"start":{"line":38,"column":8},"end":{"line":38,"column":29}},"6":{"start":{"line":42,"column":8},"end":{"line":42,"column":29}},"7":{"start":{"line":46,"column":8},"end":{"line":46,"column":29}},"8":{"start":{"line":53,"column":8},"end":{"line":53,"column":40}},"9":{"start":{"line":57,"column":8},"end":{"line":57,"column":40}},"10":{"start":{"line":61,"column":8},"end":{"line":61,"column":38}},"11":{"start":{"line":65,"column":8},"end":{"line":65,"column":38}},"12":{"start":{"line":84,"column":8},"end":{"line":84,"column":31}},"13":{"start":{"line":86,"column":8},"end":{"line":86,"column":3003}},"14":{"start":{"line":87,"column":12},"end":{"line":87,"column":25}},"15":{"start":{"line":89,"column":12},"end":{"line":89,"column":3079}},"16":{"start":{"line":90,"column":16},"end":{"line":90,"column":29}}},"branchMap":{"1":{"line":22,"type":"if","locations":[{"start":{"line":22,"column":8},"end":{"line":22,"column":8}},{"start":{"line":22,"column":8},"end":{"line":22,"column":8}}]},"2":{"line":26,"type":"if","locations":[{"start":{"line":26,"column":8},"end":{"line":26,"column":8}},{"start":{"line":26,"column":8},"end":{"line":26,"column":8}}]},"3":{"line":30,"type":"if","locations":[{"start":{"line":30,"column":8},"end":{"line":30,"column":8}},{"start":{"line":30,"column":8},"end":{"line":30,"column":8}}]},"4":{"line":89,"type":"if","locations":[{"start":{"line":89,"column":12},"end":{"line":89,"column":12}},{"start":{"line":89,"column":12},"end":{"line":89,"column":12}}]}}},
"contracts/lib/Interest.sol":{"l":{"25":0,"30":0,"66":0,"81":0},"path":"/Users/lukewatson/projects/crypto/the-firm/contracts/contracts/lib/Interest.sol","s":{"1":0,"2":0,"3":0,"4":0},"b":{},"f":{"1":0,"2":0,"3":0,"4":0},"fnMap":{"1":{"name":"wadToRay","line":24,"loc":{"start":{"line":24,"column":4},"end":{"line":26,"column":4}}},"2":{"name":"weiToRay","line":29,"loc":{"start":{"line":29,"column":4},"end":{"line":31,"column":4}}},"3":{"name":"accrueInterest","line":61,"loc":{"start":{"line":61,"column":4},"end":{"line":67,"column":4}}},"4":{"name":"yearlyRateToRay","line":80,"loc":{"start":{"line":80,"column":4},"end":{"line":82,"column":4}}}},"statementMap":{"1":{"start":{"line":25,"column":8},"end":{"line":25,"column":31}},"2":{"start":{"line":30,"column":8},"end":{"line":30,"column":32}},"3":{"start":{"line":66,"column":8},"end":{"line":66,"column":50}},"4":{"start":{"line":81,"column":8},"end":{"line":81,"column":86}}},"branchMap":{}},
"contracts/player/Player.sol":{"l":{"22":0,"26":0,"30":0,"32":0,"34":0,"36":0,"40":0,"44":0,"45":0,"49":0,"50":0},"path":"/Users/lukewatson/projects/crypto/the-firm/contracts/contracts/player/Player.sol","s":{"1":0,"2":0,"3":0,"4":0,"5":0,"6":0,"7":0,"8":0,"9":0},"b":{"1":[0,0],"2":[0,0],"3":[0,0]},"f":{"1":0,"2":0,"3":0,"4":0,"5":0,"6":0},"fnMap":{"1":{"name":"constructor","line":21,"loc":{"start":{"line":21,"column":4},"end":{"line":23,"column":4}}},"2":{"name":"setPlayerStatsAddress","line":25,"loc":{"start":{"line":25,"column":4},"end":{"line":27,"column":4}}},"3":{"name":"create","line":29,"loc":{"start":{"line":29,"column":4},"end":{"line":37,"column":4}}},"4":{"name":"isPlayer","line":39,"loc":{"start":{"line":39,"column":4},"end":{"line":41,"column":4}}},"5":{"name":"onlyAdmin","line":43,"loc":{"start":{"line":43,"column":4},"end":{"line":46,"column":4}}},"6":{"name":"hasAccount","line":48,"loc":{"start":{"line":48,"column":4},"end":{"line":51,"column":4}}}},"statementMap":{"1":{"start":{"line":22,"column":8},"end":{"line":22,"column":36}},"2":{"start":{"line":26,"column":8},"end":{"line":26,"column":33}},"3":{"start":{"line":30,"column":8},"end":{"line":30,"column":71}},"4":{"start":{"line":32,"column":8},"end":{"line":32,"column":34}},"5":{"start":{"line":34,"column":8},"end":{"line":34,"column":60}},"6":{"start":{"line":36,"column":8},"end":{"line":36,"column":55}},"7":{"start":{"line":40,"column":8},"end":{"line":40,"column":29}},"8":{"start":{"line":44,"column":8},"end":{"line":44,"column":55}},"9":{"start":{"line":49,"column":8},"end":{"line":49,"column":56}}},"branchMap":{"1":{"line":30,"type":"if","locations":[{"start":{"line":30,"column":8},"end":{"line":30,"column":8}},{"start":{"line":30,"column":8},"end":{"line":30,"column":8}}]},"2":{"line":44,"type":"if","locations":[{"start":{"line":44,"column":8},"end":{"line":44,"column":8}},{"start":{"line":44,"column":8},"end":{"line":44,"column":8}}]},"3":{"line":49,"type":"if","locations":[{"start":{"line":49,"column":8},"end":{"line":49,"column":8}},{"start":{"line":49,"column":8},"end":{"line":49,"column":8}}]}}},
"contracts/player/PlayerStats.sol":{"l":{"57":0,"58":0,"62":0,"66":0,"68":0,"75":0,"77":0,"99":0,"100":0,"113":0,"115":0,"128":0,"130":0,"140":0,"142":0,"143":0,"144":0,"145":0,"155":0,"157":0,"158":0,"159":0,"160":0,"166":0,"167":0,"171":0,"172":0,"176":0,"177":0,"181":0,"182":0},"path":"/Users/lukewatson/projects/crypto/the-firm/contracts/contracts/player/PlayerStats.sol","s":{"1":0,"2":0,"3":0,"4":0,"5":0,"6":0,"7":0,"8":0,"9":0,"10":0,"11":0,"12":0,"13":0,"14":0,"15":0,"16":0,"17":0,"18":0,"19":0,"20":0,"21":0,"22":0,"23":0,"24":0,"25":0,"26":0,"27":0},"b":{"1":[0,0],"2":[0,0],"3":[0,0],"4":[0,0]},"f":{"1":0,"2":0,"3":0,"4":0,"5":0,"6":0,"7":0,"8":0,"9":0,"10":0,"11":0,"12":0},"fnMap":{"1":{"name":"constructor","line":56,"loc":{"start":{"line":56,"column":4},"end":{"line":59,"column":4}}},"2":{"name":"setPlayerManager","line":61,"loc":{"start":{"line":61,"column":4},"end":{"line":63,"column":4}}},"3":{"name":"createBasePlayer","line":65,"loc":{"start":{"line":65,"column":4},"end":{"line":86,"column":4}}},"4":{"name":"getPlayerStats","line":88,"loc":{"start":{"line":88,"column":4},"end":{"line":101,"column":4}}},"5":{"name":"getPlayerBattleStats","line":103,"loc":{"start":{"line":103,"column":4},"end":{"line":116,"column":4}}},"6":{"name":"getPlayerFarmingStats","line":118,"loc":{"start":{"line":118,"column":4},"end":{"line":131,"column":4}}},"7":{"name":"increaseFarmingStats","line":139,"loc":{"start":{"line":133,"column":4},"end":{"line":146,"column":4}}},"8":{"name":"increaseBattleStats","line":154,"loc":{"start":{"line":148,"column":4},"end":{"line":163,"column":4}}},"9":{"name":"onlyNewPlayer","line":165,"loc":{"start":{"line":165,"column":4},"end":{"line":168,"column":4}}},"10":{"name":"existingPlayer","line":170,"loc":{"start":{"line":170,"column":4},"end":{"line":173,"column":4}}},"11":{"name":"onlyPlayerManager","line":175,"loc":{"start":{"line":175,"column":4},"end":{"line":178,"column":4}}},"12":{"name":"onlyAdmin","line":180,"loc":{"start":{"line":180,"column":4},"end":{"line":183,"column":4}}}},"statementMap":{"1":{"start":{"line":57,"column":8},"end":{"line":57,"column":36}},"2":{"start":{"line":58,"column":8},"end":{"line":58,"column":43}},"3":{"start":{"line":62,"column":8},"end":{"line":62,"column":48}},"4":{"start":{"line":66,"column":8},"end":{"line":66,"column":49}},"5":{"start":{"line":68,"column":8},"end":{"line":68,"column":2000}},"6":{"start":{"line":75,"column":8},"end":{"line":75,"column":120}},"7":{"start":{"line":77,"column":8},"end":{"line":77,"column":2365}},"8":{"start":{"line":99,"column":8},"end":{"line":99,"column":46}},"9":{"start":{"line":100,"column":8},"end":{"line":100,"column":101}},"10":{"start":{"line":113,"column":8},"end":{"line":113,"column":64}},"11":{"start":{"line":115,"column":8},"end":{"line":115,"column":99}},"12":{"start":{"line":128,"column":8},"end":{"line":128,"column":66}},"13":{"start":{"line":130,"column":8},"end":{"line":130,"column":86}},"14":{"start":{"line":140,"column":8},"end":{"line":140,"column":95}},"15":{"start":{"line":142,"column":8},"end":{"line":142,"column":100}},"16":{"start":{"line":143,"column":8},"end":{"line":143,"column":109}},"17":{"start":{"line":144,"column":8},"end":{"line":144,"column":112}},"18":{"start":{"line":145,"column":8},"end":{"line":145,"column":112}},"19":{"start":{"line":155,"column":8},"end":{"line":155,"column":91}},"20":{"start":{"line":157,"column":8},"end":{"line":157,"column":109}},"21":{"start":{"line":158,"column":8},"end":{"line":158,"column":112}},"22":{"start":{"line":159,"column":8},"end":{"line":159,"column":106}},"23":{"start":{"line":160,"column":8},"end":{"line":160,"column":5182}},"24":{"start":{"line":166,"column":8},"end":{"line":166,"column":76}},"25":{"start":{"line":171,"column":8},"end":{"line":171,"column":66}},"26":{"start":{"line":176,"column":8},"end":{"line":176,"column":73}},"27":{"start":{"line":181,"column":8},"end":{"line":181,"column":55}}},"branchMap":{"1":{"line":166,"type":"if","locations":[{"start":{"line":166,"column":8},"end":{"line":166,"column":8}},{"start":{"line":166,"column":8},"end":{"line":166,"column":8}}]},"2":{"line":171,"type":"if","locations":[{"start":{"line":171,"column":8},"end":{"line":171,"column":8}},{"start":{"line":171,"column":8},"end":{"line":171,"column":8}}]},"3":{"line":176,"type":"if","locations":[{"start":{"line":176,"column":8},"end":{"line":176,"column":8}},{"start":{"line":176,"column":8},"end":{"line":176,"column":8}}]},"4":{"line":181,"type":"if","locations":[{"start":{"line":181,"column":8},"end":{"line":181,"column":8}},{"start":{"line":181,"column":8},"end":{"line":181,"column":8}}]}}},
"contracts/player/Treasury.sol":{"l":{"18":0,"19":0,"23":0,"27":0,"31":0,"33":0,"34":0,"38":0,"40":0,"41":0,"45":0,"47":0,"49":0,"53":0,"54":0,"58":0,"59":0},"path":"/Users/lukewatson/projects/crypto/the-firm/contracts/contracts/player/Treasury.sol","s":{"1":0,"2":0,"3":0,"4":0,"5":0,"6":0,"7":0,"8":0,"9":0,"10":0,"11":0,"12":0,"13":0,"14":0,"15":0},"b":{"1":[0,0],"2":[0,0],"3":[0,0],"4":[0,0],"5":[0,0]},"f":{"1":0,"2":0,"3":0,"4":0,"5":0,"6":0,"7":0,"8":0},"fnMap":{"1":{"name":"constructor","line":17,"loc":{"start":{"line":17,"column":4},"end":{"line":20,"column":4}}},"2":{"name":"setCashAddress","line":22,"loc":{"start":{"line":22,"column":4},"end":{"line":24,"column":4}}},"3":{"name":"setCashSpender","line":26,"loc":{"start":{"line":26,"column":4},"end":{"line":28,"column":4}}},"4":{"name":"depositCash","line":30,"loc":{"start":{"line":30,"column":4},"end":{"line":35,"column":4}}},"5":{"name":"depositCashTo","line":37,"loc":{"start":{"line":37,"column":4},"end":{"line":42,"column":4}}},"6":{"name":"spendCash","line":44,"loc":{"start":{"line":44,"column":4},"end":{"line":50,"column":4}}},"7":{"name":"onlyAdmin","line":52,"loc":{"start":{"line":52,"column":4},"end":{"line":55,"column":4}}},"8":{"name":"onlyCashSpender","line":57,"loc":{"start":{"line":57,"column":4},"end":{"line":60,"column":4}}}},"statementMap":{"1":{"start":{"line":18,"column":8},"end":{"line":18,"column":36}},"2":{"start":{"line":19,"column":8},"end":{"line":19,"column":41}},"3":{"start":{"line":23,"column":8},"end":{"line":23,"column":33}},"4":{"start":{"line":27,"column":8},"end":{"line":27,"column":36}},"5":{"start":{"line":31,"column":8},"end":{"line":31,"column":88}},"6":{"start":{"line":33,"column":8},"end":{"line":33,"column":73}},"7":{"start":{"line":34,"column":8},"end":{"line":34,"column":63}},"8":{"start":{"line":38,"column":8},"end":{"line":38,"column":88}},"9":{"start":{"line":40,"column":8},"end":{"line":40,"column":73}},"10":{"start":{"line":41,"column":8},"end":{"line":41,"column":51}},"11":{"start":{"line":45,"column":8},"end":{"line":45,"column":41}},"12":{"start":{"line":47,"column":8},"end":{"line":47,"column":51}},"13":{"start":{"line":49,"column":8},"end":{"line":49,"column":38}},"14":{"start":{"line":53,"column":8},"end":{"line":53,"column":55}},"15":{"start":{"line":58,"column":8},"end":{"line":58,"column":69}}},"branchMap":{"1":{"line":31,"type":"if","locations":[{"start":{"line":31,"column":8},"end":{"line":31,"column":8}},{"start":{"line":31,"column":8},"end":{"line":31,"column":8}}]},"2":{"line":38,"type":"if","locations":[{"start":{"line":38,"column":8},"end":{"line":38,"column":8}},{"start":{"line":38,"column":8},"end":{"line":38,"column":8}}]},"3":{"line":45,"type":"if","locations":[{"start":{"line":45,"column":8},"end":{"line":45,"column":8}},{"start":{"line":45,"column":8},"end":{"line":45,"column":8}}]},"4":{"line":53,"type":"if","locations":[{"start":{"line":53,"column":8},"end":{"line":53,"column":8}},{"start":{"line":53,"column":8},"end":{"line":53,"column":8}}]},"5":{"line":58,"type":"if","locations":[{"start":{"line":58,"column":8},"end":{"line":58,"column":8}},{"start":{"line":58,"column":8},"end":{"line":58,"column":8}}]}}},
"contracts/schemes/BaseScheme.sol":{"l":{"28":0,"29":0,"30":0,"34":0,"38":0,"39":0,"43":0,"47":0,"51":0,"57":0,"61":0,"71":0,"75":0,"76":0,"80":0,"84":0,"85":0},"path":"/Users/lukewatson/projects/crypto/the-firm/contracts/contracts/schemes/BaseScheme.sol","s":{"1":0,"2":0,"3":0,"4":0,"5":0,"6":0,"7":0,"8":0,"9":0,"10":0,"11":0,"12":0,"13":0,"14":0,"15":0,"16":0},"b":{"1":[0,0]},"f":{"1":0,"2":0,"3":0,"4":0,"5":0,"6":0,"7":0,"8":0,"9":0,"10":0,"11":0,"12":0,"13":0},"fnMap":{"1":{"name":"constructor","line":23,"loc":{"start":{"line":23,"column":4},"end":{"line":31,"column":4}}},"2":{"name":"setRandomNumberGenerator","line":33,"loc":{"start":{"line":33,"column":4},"end":{"line":35,"column":4}}},"3":{"name":"setCashContract","line":37,"loc":{"start":{"line":37,"column":4},"end":{"line":40,"column":4}}},"4":{"name":"setTreasury","line":42,"loc":{"start":{"line":42,"column":4},"end":{"line":44,"column":4}}},"5":{"name":"setPlayerStats","line":46,"loc":{"start":{"line":46,"column":4},"end":{"line":48,"column":4}}},"6":{"name":"start","line":50,"loc":{"start":{"line":50,"column":4},"end":{"line":52,"column":4}}},"7":{"name":"complete","line":54,"loc":{"start":{"line":54,"column":4},"end":{"line":54,"column":70}}},"8":{"name":"getSchemeName","line":56,"loc":{"start":{"line":56,"column":4},"end":{"line":58,"column":4}}},"9":{"name":"getSuccessGauge","line":60,"loc":{"start":{"line":60,"column":4},"end":{"line":62,"column":4}}},"10":{"name":"increaseStats","line":64,"loc":{"start":{"line":64,"column":4},"end":{"line":72,"column":4}}},"11":{"name":"mint","line":74,"loc":{"start":{"line":74,"column":4},"end":{"line":77,"column":4}}},"12":{"name":"getScheme","line":79,"loc":{"start":{"line":79,"column":4},"end":{"line":81,"column":4}}},"13":{"name":"onlySchemeManager","line":83,"loc":{"start":{"line":83,"column":4},"end":{"line":86,"column":4}}}},"statementMap":{"1":{"start":{"line":28,"column":8},"end":{"line":28,"column":27}},"2":{"start":{"line":29,"column":8},"end":{"line":29,"column":31}},"3":{"start":{"line":30,"column":8},"end":{"line":30,"column":37}},"4":{"start":{"line":34,"column":8},"end":{"line":34,"column":53}},"5":{"start":{"line":38,"column":8},"end":{"line":38,"column":42}},"6":{"start":{"line":39,"column":8},"end":{"line":39,"column":60}},"7":{"start":{"line":43,"column":8},"end":{"line":43,"column":41}},"8":{"start":{"line":47,"column":8},"end":{"line":47,"column":47}},"9":{"start":{"line":51,"column":8},"end":{"line":51,"column":66}},"10":{"start":{"line":57,"column":8},"end":{"line":57,"column":17}},"11":{"start":{"line":61,"column":8},"end":{"line":61,"column":56}},"12":{"start":{"line":71,"column":8},"end":{"line":71,"column":116}},"13":{"start":{"line":75,"column":8},"end":{"line":75,"column":54}},"14":{"start":{"line":76,"column":8},"end":{"line":76,"column":61}},"15":{"start":{"line":80,"column":8},"end":{"line":80,"column":42}},"16":{"start":{"line":84,"column":8},"end":{"line":84,"column":20}}},"branchMap":{"1":{"line":84,"type":"if","locations":[{"start":{"line":84,"column":8},"end":{"line":84,"column":8}},{"start":{"line":84,"column":8},"end":{"line":84,"column":8}}]}}},
"contracts/schemes/SchemeManager.sol":{"l":{"31":0,"35":0,"37":0,"39":0,"43":0,"44":0,"46":0,"48":0,"50":0,"55":0,"56":0,"58":0,"59":0,"61":0,"65":0,"67":0,"68":0,"70":0,"74":0,"76":0,"77":0,"78":0,"82":0,"86":0,"88":0,"90":0,"91":0,"92":0,"98":0,"100":0,"102":0,"103":0,"104":0,"118":0,"119":0,"121":0,"129":0},"path":"/Users/lukewatson/projects/crypto/the-firm/contracts/contracts/schemes/SchemeManager.sol","s":{"1":0,"2":0,"3":0,"4":0,"5":0,"6":0,"7":0,"8":0,"9":0,"10":0,"11":0,"12":0,"13":0,"14":0,"15":0,"16":0,"17":0,"18":0,"19":0,"20":0,"21":0,"22":0,"23":0,"24":0,"25":0,"26":0,"27":0,"28":0,"29":0,"30":0,"31":0,"32":0,"33":0,"34":0,"35":0,"36":0,"37":0},"b":{"1":[0,0],"2":[0,0],"3":[0,0],"4":[0,0],"5":[0,0],"6":[0,0],"7":[0,0],"8":[0,0],"9":[0,0]},"f":{"1":0,"2":0,"3":0,"4":0,"5":0,"6":0,"7":0,"8":0,"9":0},"fnMap":{"1":{"name":"constructor","line":30,"loc":{"start":{"line":30,"column":4},"end":{"line":32,"column":4}}},"2":{"name":"addScheme","line":34,"loc":{"start":{"line":34,"column":4},"end":{"line":40,"column":4}}},"3":{"name":"startScheme","line":42,"loc":{"start":{"line":42,"column":4},"end":{"line":51,"column":4}}},"4":{"name":"completeScheme","line":54,"loc":{"start":{"line":54,"column":4},"end":{"line":62,"column":4}}},"5":{"name":"skipScheme","line":64,"loc":{"start":{"line":64,"column":4},"end":{"line":71,"column":4}}},"6":{"name":"listSchemes","line":73,"loc":{"start":{"line":73,"column":4},"end":{"line":83,"column":4}}},"7":{"name":"start","line":85,"loc":{"start":{"line":85,"column":4},"end":{"line":95,"column":4}}},"8":{"name":"complete","line":97,"loc":{"start":{"line":97,"column":4},"end":{"line":105,"column":4}}},"9":{"name":"getOngoingScheme","line":107,"loc":{"start":{"line":107,"column":4},"end":{"line":130,"column":4}}}},"statementMap":{"1":{"start":{"line":31,"column":8},"end":{"line":31,"column":23}},"2":{"start":{"line":35,"column":8},"end":{"line":35,"column":71}},"3":{"start":{"line":37,"column":8},"end":{"line":37,"column":86}},"4":{"start":{"line":39,"column":8},"end":{"line":39,"column":41}},"5":{"start":{"line":43,"column":8},"end":{"line":43,"column":68}},"6":{"start":{"line":44,"column":8},"end":{"line":44,"column":88}},"7":{"start":{"line":46,"column":8},"end":{"line":46,"column":69}},"8":{"start":{"line":48,"column":8},"end":{"line":48,"column":35}},"9":{"start":{"line":50,"column":8},"end":{"line":50,"column":89}},"10":{"start":{"line":55,"column":8},"end":{"line":55,"column":69}},"11":{"start":{"line":56,"column":8},"end":{"line":56,"column":102}},"12":{"start":{"line":58,"column":8},"end":{"line":58,"column":62}},"13":{"start":{"line":59,"column":8},"end":{"line":59,"column":71}},"14":{"start":{"line":61,"column":8},"end":{"line":61,"column":37}},"15":{"start":{"line":65,"column":8},"end":{"line":65,"column":69}},"16":{"start":{"line":67,"column":8},"end":{"line":67,"column":62}},"17":{"start":{"line":68,"column":8},"end":{"line":68,"column":71}},"18":{"start":{"line":70,"column":8},"end":{"line":70,"column":37}},"19":{"start":{"line":74,"column":8},"end":{"line":74,"column":62}},"20":{"start":{"line":76,"column":8},"end":{"line":76,"column":2379}},"21":{"start":{"line":77,"column":12},"end":{"line":77,"column":2440}},"22":{"start":{"line":78,"column":16},"end":{"line":78,"column":38}},"23":{"start":{"line":82,"column":8},"end":{"line":82,"column":28}},"24":{"start":{"line":86,"column":8},"end":{"line":86,"column":82}},"25":{"start":{"line":88,"column":8},"end":{"line":88,"column":36}},"26":{"start":{"line":90,"column":8},"end":{"line":90,"column":54}},"27":{"start":{"line":91,"column":8},"end":{"line":91,"column":63}},"28":{"start":{"line":92,"column":8},"end":{"line":92,"column":2886}},"29":{"start":{"line":98,"column":8},"end":{"line":98,"column":69}},"30":{"start":{"line":100,"column":8},"end":{"line":100,"column":37}},"31":{"start":{"line":102,"column":8},"end":{"line":102,"column":46}},"32":{"start":{"line":103,"column":8},"end":{"line":103,"column":49}},"33":{"start":{"line":104,"column":8},"end":{"line":104,"column":52}},"34":{"start":{"line":118,"column":8},"end":{"line":118,"column":3660}},"35":{"start":{"line":119,"column":12},"end":{"line":119,"column":60}},"36":{"start":{"line":121,"column":12},"end":{"line":121,"column":3770}},"37":{"start":{"line":129,"column":8},"end":{"line":129,"column":43}}},"branchMap":{"1":{"line":43,"type":"if","locations":[{"start":{"line":43,"column":8},"end":{"line":43,"column":8}},{"start":{"line":43,"column":8},"end":{"line":43,"column":8}}]},"2":{"line":44,"type":"if","locations":[{"start":{"line":44,"column":8},"end":{"line":44,"column":8}},{"start":{"line":44,"column":8},"end":{"line":44,"column":8}}]},"3":{"line":55,"type":"if","locations":[{"start":{"line":55,"column":8},"end":{"line":55,"column":8}},{"start":{"line":55,"column":8},"end":{"line":55,"column":8}}]},"4":{"line":56,"type":"if","locations":[{"start":{"line":56,"column":8},"end":{"line":56,"column":8}},{"start":{"line":56,"column":8},"end":{"line":56,"column":8}}]},"5":{"line":65,"type":"if","locations":[{"start":{"line":65,"column":8},"end":{"line":65,"column":8}},{"start":{"line":65,"column":8},"end":{"line":65,"column":8}}]},"6":{"line":77,"type":"if","locations":[{"start":{"line":77,"column":12},"end":{"line":77,"column":12}},{"start":{"line":77,"column":12},"end":{"line":77,"column":12}}]},"7":{"line":86,"type":"if","locations":[{"start":{"line":86,"column":8},"end":{"line":86,"column":8}},{"start":{"line":86,"column":8},"end":{"line":86,"column":8}}]},"8":{"line":98,"type":"if","locations":[{"start":{"line":98,"column":8},"end":{"line":98,"column":8}},{"start":{"line":98,"column":8},"end":{"line":98,"column":8}}]},"9":{"line":118,"type":"if","locations":[{"start":{"line":118,"column":8},"end":{"line":118,"column":8}},{"start":{"line":118,"column":8},"end":{"line":118,"column":8}}]}}},
"contracts/schemes/ScroungeForSatoshis.sol":{"l":{"21":0,"22":0},"path":"/Users/lukewatson/projects/crypto/the-firm/contracts/contracts/schemes/ScroungeForSatoshis.sol","s":{"1":0,"2":0},"b":{},"f":{"1":0},"fnMap":{"1":{"name":"constructor","line":20,"loc":{"start":{"line":14,"column":4},"end":{"line":23,"column":4}}}},"statementMap":{"1":{"start":{"line":21,"column":8},"end":{"line":21,"column":33}},"2":{"start":{"line":22,"column":8},"end":{"line":22,"column":35}}},"branchMap":{}},
"contracts/schemes/TestScheme.sol":{"l":{"16":0,"17":0,"21":0,"25":0,"26":0,"30":0},"path":"/Users/lukewatson/projects/crypto/the-firm/contracts/contracts/schemes/TestScheme.sol","s":{"1":0,"2":0,"3":0,"4":0,"5":0,"6":0},"b":{},"f":{"1":0,"2":0,"3":0,"4":0},"fnMap":{"1":{"name":"constructor","line":15,"loc":{"start":{"line":9,"column":4},"end":{"line":18,"column":4}}},"2":{"name":"start","line":20,"loc":{"start":{"line":20,"column":4},"end":{"line":22,"column":4}}},"3":{"name":"complete","line":24,"loc":{"start":{"line":24,"column":4},"end":{"line":27,"column":4}}},"4":{"name":"getSchemeName","line":29,"loc":{"start":{"line":29,"column":4},"end":{"line":31,"column":4}}}},"statementMap":{"1":{"start":{"line":16,"column":8},"end":{"line":16,"column":33}},"2":{"start":{"line":17,"column":8},"end":{"line":17,"column":35}},"3":{"start":{"line":21,"column":8},"end":{"line":21,"column":24}},"4":{"start":{"line":25,"column":8},"end":{"line":25,"column":21}},"5":{"start":{"line":26,"column":8},"end":{"line":26,"column":42}},"6":{"start":{"line":30,"column":8},"end":{"line":30,"column":28}}},"branchMap":{}},
"contracts/schemes/YieldFarm.sol":{"l":{"16":0,"17":0,"21":0,"25":0,"27":0,"28":0,"33":0},"path":"/Users/lukewatson/projects/crypto/the-firm/contracts/contracts/schemes/YieldFarm.sol","s":{"1":0,"2":0,"3":0,"4":0,"5":0,"6":0,"7":0},"b":{"1":[0,0]},"f":{"1":0,"2":0,"3":0,"4":0},"fnMap":{"1":{"name":"constructor","line":15,"loc":{"start":{"line":9,"column":4},"end":{"line":18,"column":4}}},"2":{"name":"start","line":20,"loc":{"start":{"line":20,"column":4},"end":{"line":22,"column":4}}},"3":{"name":"complete","line":24,"loc":{"start":{"line":24,"column":4},"end":{"line":30,"column":4}}},"4":{"name":"getSchemeName","line":32,"loc":{"start":{"line":32,"column":4},"end":{"line":34,"column":4}}}},"statementMap":{"1":{"start":{"line":16,"column":8},"end":{"line":16,"column":33}},"2":{"start":{"line":17,"column":8},"end":{"line":17,"column":35}},"3":{"start":{"line":21,"column":8},"end":{"line":21,"column":24}},"4":{"start":{"line":25,"column":8},"end":{"line":25,"column":48}},"5":{"start":{"line":27,"column":8},"end":{"line":27,"column":671}},"6":{"start":{"line":28,"column":12},"end":{"line":28,"column":25}},"7":{"start":{"line":33,"column":8},"end":{"line":33,"column":27}}},"branchMap":{"1":{"line":27,"type":"if","locations":[{"start":{"line":27,"column":8},"end":{"line":27,"column":8}},{"start":{"line":27,"column":8},"end":{"line":27,"column":8}}]}}},
"contracts/Shop.sol":{"l":{"27":0,"31":0,"33":0,"35":0,"37":0,"41":0,"43":0,"45":0,"49":0,"51":0,"54":0,"56":0,"59":0,"62":0,"63":0,"65":0,"69":0,"71":0,"72":0,"74":0,"76":0,"77":0,"79":0,"83":0,"87":0,"88":0,"91":0,"95":0,"96":0,"98":0,"99":0,"100":0,"103":0},"path":"/Users/lukewatson/projects/crypto/the-firm/contracts/contracts/Shop.sol","s":{"1":0,"2":0,"3":0,"4":0,"5":0,"6":0,"7":0,"8":0,"9":0,"10":0,"11":0,"12":0,"13":0,"14":0,"15":0,"16":0,"17":0,"18":0,"19":0,"20":0,"21":0,"22":0,"23":0,"24":0,"25":0,"26":0,"27":0,"28":0,"29":0,"30":0,"31":0,"32":0},"b":{"1":[0,0],"2":[0,0],"3":[0,0],"4":[0,0],"5":[0,0],"6":[0,0]},"f":{"1":0,"2":0,"3":0,"4":0,"5":0,"6":0,"7":0,"8":0},"fnMap":{"1":{"name":"setTreasuryContract","line":26,"loc":{"start":{"line":26,"column":4},"end":{"line":28,"column":4}}},"2":{"name":"list","line":30,"loc":{"start":{"line":30,"column":4},"end":{"line":38,"column":4}}},"3":{"name":"update","line":40,"loc":{"start":{"line":40,"column":4},"end":{"line":46,"column":4}}},"4":{"name":"remove","line":48,"loc":{"start":{"line":48,"column":4},"end":{"line":66,"column":4}}},"5":{"name":"purchase","line":68,"loc":{"start":{"line":68,"column":4},"end":{"line":80,"column":4}}},"6":{"name":"getItemCount","line":82,"loc":{"start":{"line":82,"column":4},"end":{"line":84,"column":4}}},"7":{"name":"isEntity","line":86,"loc":{"start":{"line":86,"column":4},"end":{"line":92,"column":4}}},"8":{"name":"getItems","line":94,"loc":{"start":{"line":94,"column":4},"end":{"line":104,"column":4}}}},"statementMap":{"1":{"start":{"line":27,"column":8},"end":{"line":27,"column":50}},"2":{"start":{"line":31,"column":8},"end":{"line":31,"column":70}},"3":{"start":{"line":33,"column":8},"end":{"line":33,"column":92}},"4":{"start":{"line":35,"column":8},"end":{"line":35,"column":34}},"5":{"start":{"line":37,"column":8},"end":{"line":37,"column":65}},"6":{"start":{"line":41,"column":8},"end":{"line":41,"column":56}},"7":{"start":{"line":43,"column":8},"end":{"line":43,"column":51}},"8":{"start":{"line":45,"column":8},"end":{"line":45,"column":67}},"9":{"start":{"line":49,"column":8},"end":{"line":49,"column":56}},"10":{"start":{"line":51,"column":8},"end":{"line":51,"column":67}},"11":{"start":{"line":54,"column":8},"end":{"line":54,"column":1726}},"12":{"start":{"line":56,"column":12},"end":{"line":56,"column":61}},"13":{"start":{"line":59,"column":12},"end":{"line":59,"column":59}},"14":{"start":{"line":62,"column":8},"end":{"line":62,"column":21}},"15":{"start":{"line":65,"column":8},"end":{"line":65,"column":55}},"16":{"start":{"line":69,"column":8},"end":{"line":69,"column":59}},"17":{"start":{"line":71,"column":8},"end":{"line":71,"column":73}},"18":{"start":{"line":72,"column":8},"end":{"line":72,"column":58}},"19":{"start":{"line":74,"column":8},"end":{"line":74,"column":56}},"20":{"start":{"line":76,"column":8},"end":{"line":76,"column":66}},"21":{"start":{"line":77,"column":8},"end":{"line":77,"column":55}},"22":{"start":{"line":79,"column":8},"end":{"line":79,"column":78}},"23":{"start":{"line":83,"column":8},"end":{"line":83,"column":30}},"24":{"start":{"line":87,"column":8},"end":{"line":87,"column":2872}},"25":{"start":{"line":88,"column":12},"end":{"line":88,"column":24}},"26":{"start":{"line":91,"column":8},"end":{"line":91,"column":78}},"27":{"start":{"line":95,"column":8},"end":{"line":95,"column":71}},"28":{"start":{"line":96,"column":8},"end":{"line":96,"column":68}},"29":{"start":{"line":98,"column":8},"end":{"line":98,"column":3259}},"30":{"start":{"line":99,"column":12},"end":{"line":99,"column":41}},"31":{"start":{"line":100,"column":12},"end":{"line":100,"column":57}},"32":{"start":{"line":103,"column":8},"end":{"line":103,"column":42}}},"branchMap":{"1":{"line":31,"type":"if","locations":[{"start":{"line":31,"column":8},"end":{"line":31,"column":8}},{"start":{"line":31,"column":8},"end":{"line":31,"column":8}}]},"2":{"line":41,"type":"if","locations":[{"start":{"line":41,"column":8},"end":{"line":41,"column":8}},{"start":{"line":41,"column":8},"end":{"line":41,"column":8}}]},"3":{"line":49,"type":"if","locations":[{"start":{"line":49,"column":8},"end":{"line":49,"column":8}},{"start":{"line":49,"column":8},"end":{"line":49,"column":8}}]},"4":{"line":54,"type":"if","locations":[{"start":{"line":54,"column":8},"end":{"line":54,"column":8}},{"start":{"line":54,"column":8},"end":{"line":54,"column":8}}]},"5":{"line":74,"type":"if","locations":[{"start":{"line":74,"column":8},"end":{"line":74,"column":8}},{"start":{"line":74,"column":8},"end":{"line":74,"column":8}}]},"6":{"line":87,"type":"if","locations":[{"start":{"line":87,"column":8},"end":{"line":87,"column":8}},{"start":{"line":87,"column":8},"end":{"line":87,"column":8}}]}}},
"contracts/training/Training.sol":{"l":{"31":0,"35":0,"37":0,"39":0,"40":0,"41":0,"42":0,"43":0,"47":0,"48":0,"50":0,"59":0,"60":0,"62":0,"71":0,"72":0,"74":0,"83":0,"84":0,"86":0,"95":0,"99":0,"101":0,"104":0,"106":0,"108":0,"112":0,"113":0,"114":0,"115":0,"119":0,"120":0,"122":0,"123":0,"125":0,"126":0,"128":0,"129":0,"131":0,"132":0,"134":0,"135":0,"137":0,"138":0,"140":0,"141":0,"143":0,"144":0,"147":0,"151":0,"152":0,"156":0,"157":0,"161":0,"162":0,"166":0,"167":0,"169":0,"178":0,"179":0,"181":0,"190":0,"191":0,"193":0,"202":0,"203":0,"205":0,"214":0},"path":"/Users/lukewatson/projects/crypto/the-firm/contracts/contracts/training/Training.sol","s":{"1":0,"2":0,"3":0,"4":0,"5":0,"6":0,"7":0,"8":0,"9":0,"10":0,"11":0,"12":0,"13":0,"14":0,"15":0,"16":0,"17":0,"18":0,"19":0,"20":0,"21":0,"22":0,"23":0,"24":0,"25":0,"26":0,"27":0,"28":0,"29":0,"30":0,"31":0,"32":0,"33":0,"34":0,"35":0,"36":0,"37":0,"38":0,"39":0,"40":0,"41":0,"42":0,"43":0,"44":0,"45":0,"46":0,"47":0,"48":0,"49":0,"50":0,"51":0,"52":0,"53":0,"54":0,"55":0,"56":0,"57":0,"58":0,"59":0,"60":0,"61":0,"62":0,"63":0,"64":0,"65":0},"b":{"1":[0,0],"2":[0,0],"3":[0,0],"4":[0,0],"5":[0,0],"6":[0,0],"7":[0,0],"8":[0,0],"9":[0,0],"10":[0,0],"11":[0,0],"12":[0,0],"13":[0,0],"14":[0,0],"15":[0,0],"16":[0,0],"17":[0,0],"18":[0,0],"19":[0,0],"20":[0,0],"21":[0,0]},"f":{"1":0,"2":0,"3":0,"4":0,"5":0,"6":0,"7":0,"8":0,"9":0,"10":0},"fnMap":{"1":{"name":"setPlayerStats","line":30,"loc":{"start":{"line":30,"column":4},"end":{"line":32,"column":4}}},"2":{"name":"start","line":34,"loc":{"start":{"line":34,"column":4},"end":{"line":44,"column":4}}},"3":{"name":"finish","line":46,"loc":{"start":{"line":46,"column":4},"end":{"line":96,"column":4}}},"4":{"name":"calculateStatIncrease","line":98,"loc":{"start":{"line":98,"column":4},"end":{"line":109,"column":4}}},"5":{"name":"resetTraining","line":111,"loc":{"start":{"line":111,"column":4},"end":{"line":116,"column":4}}},"6":{"name":"getDurationAndMultiplier","line":118,"loc":{"start":{"line":118,"column":4},"end":{"line":148,"column":4}}},"7":{"name":"isTraining","line":150,"loc":{"start":{"line":150,"column":4},"end":{"line":153,"column":4}}},"8":{"name":"trainingFinished","line":155,"loc":{"start":{"line":155,"column":4},"end":{"line":158,"column":4}}},"9":{"name":"notTraining","line":160,"loc":{"start":{"line":160,"column":4},"end":{"line":163,"column":4}}},"10":{"name":"skipFinish","line":165,"loc":{"start":{"line":165,"column":4},"end":{"line":215,"column":4}}}},"statementMap":{"1":{"start":{"line":31,"column":8},"end":{"line":31,"column":47}},"2":{"start":{"line":35,"column":8},"end":{"line":35,"column":61}},"3":{"start":{"line":37,"column":8},"end":{"line":37,"column":66}},"4":{"start":{"line":39,"column":8},"end":{"line":39,"column":47}},"5":{"start":{"line":40,"column":8},"end":{"line":40,"column":62}},"6":{"start":{"line":41,"column":8},"end":{"line":41,"column":75}},"7":{"start":{"line":42,"column":8},"end":{"line":42,"column":55}},"8":{"start":{"line":43,"column":8},"end":{"line":43,"column":52}},"9":{"start":{"line":47,"column":8},"end":{"line":47,"column":1479}},"10":{"start":{"line":48,"column":12},"end":{"line":48,"column":103}},"11":{"start":{"line":50,"column":12},"end":{"line":50,"column":1658}},"12":{"start":{"line":59,"column":8},"end":{"line":59,"column":1912}},"13":{"start":{"line":60,"column":12},"end":{"line":60,"column":104}},"14":{"start":{"line":62,"column":12},"end":{"line":62,"column":2093}},"15":{"start":{"line":71,"column":8},"end":{"line":71,"column":2348}},"16":{"start":{"line":72,"column":12},"end":{"line":72,"column":102}},"17":{"start":{"line":74,"column":12},"end":{"line":74,"column":2525}},"18":{"start":{"line":83,"column":8},"end":{"line":83,"column":2778}},"19":{"start":{"line":84,"column":12},"end":{"line":84,"column":107}},"20":{"start":{"line":86,"column":12},"end":{"line":86,"column":2965}},"21":{"start":{"line":95,"column":8},"end":{"line":95,"column":32}},"22":{"start":{"line":99,"column":8},"end":{"line":99,"column":92}},"23":{"start":{"line":101,"column":8},"end":{"line":101,"column":45}},"24":{"start":{"line":104,"column":8},"end":{"line":104,"column":72}},"25":{"start":{"line":106,"column":8},"end":{"line":106,"column":67}},"26":{"start":{"line":108,"column":8},"end":{"line":108,"column":37}},"27":{"start":{"line":112,"column":8},"end":{"line":112,"column":51}},"28":{"start":{"line":113,"column":8},"end":{"line":113,"column":48}},"29":{"start":{"line":114,"column":8},"end":{"line":114,"column":47}},"30":{"start":{"line":115,"column":8},"end":{"line":115,"column":53}},"31":{"start":{"line":119,"column":8},"end":{"line":119,"column":4148}},"32":{"start":{"line":120,"column":12},"end":{"line":120,"column":33}},"33":{"start":{"line":122,"column":8},"end":{"line":122,"column":4239}},"34":{"start":{"line":123,"column":12},"end":{"line":123,"column":33}},"35":{"start":{"line":125,"column":8},"end":{"line":125,"column":4331}},"36":{"start":{"line":126,"column":12},"end":{"line":126,"column":33}},"37":{"start":{"line":128,"column":8},"end":{"line":128,"column":4424}},"38":{"start":{"line":129,"column":12},"end":{"line":129,"column":33}},"39":{"start":{"line":131,"column":8},"end":{"line":131,"column":4518}},"40":{"start":{"line":132,"column":12},"end":{"line":132,"column":34}},"41":{"start":{"line":134,"column":8},"end":{"line":134,"column":4614}},"42":{"start":{"line":135,"column":12},"end":{"line":135,"column":34}},"43":{"start":{"line":137,"column":8},"end":{"line":137,"column":4705}},"44":{"start":{"line":138,"column":12},"end":{"line":138,"column":34}},"45":{"start":{"line":140,"column":8},"end":{"line":140,"column":4797}},"46":{"start":{"line":141,"column":12},"end":{"line":141,"column":34}},"47":{"start":{"line":143,"column":8},"end":{"line":143,"column":4890}},"48":{"start":{"line":144,"column":12},"end":{"line":144,"column":35}},"49":{"start":{"line":147,"column":8},"end":{"line":147,"column":33}},"50":{"start":{"line":151,"column":8},"end":{"line":151,"column":82}},"51":{"start":{"line":156,"column":8},"end":{"line":156,"column":100}},"52":{"start":{"line":161,"column":8},"end":{"line":161,"column":87}},"53":{"start":{"line":166,"column":8},"end":{"line":166,"column":5490}},"54":{"start":{"line":167,"column":12},"end":{"line":167,"column":103}},"55":{"start":{"line":169,"column":12},"end":{"line":169,"column":5669}},"56":{"start":{"line":178,"column":8},"end":{"line":178,"column":5923}},"57":{"start":{"line":179,"column":12},"end":{"line":179,"column":104}},"58":{"start":{"line":181,"column":12},"end":{"line":181,"column":6104}},"59":{"start":{"line":190,"column":8},"end":{"line":190,"column":6359}},"60":{"start":{"line":191,"column":12},"end":{"line":191,"column":102}},"61":{"start":{"line":193,"column":12},"end":{"line":193,"column":6536}},"62":{"start":{"line":202,"column":8},"end":{"line":202,"column":6789}},"63":{"start":{"line":203,"column":12},"end":{"line":203,"column":107}},"64":{"start":{"line":205,"column":12},"end":{"line":205,"column":6976}},"65":{"start":{"line":214,"column":8},"end":{"line":214,"column":32}}},"branchMap":{"1":{"line":35,"type":"if","locations":[{"start":{"line":35,"column":8},"end":{"line":35,"column":8}},{"start":{"line":35,"column":8},"end":{"line":35,"column":8}}]},"2":{"line":47,"type":"if","locations":[{"start":{"line":47,"column":8},"end":{"line":47,"column":8}},{"start":{"line":47,"column":8},"end":{"line":47,"column":8}}]},"3":{"line":59,"type":"if","locations":[{"start":{"line":59,"column":8},"end":{"line":59,"column":8}},{"start":{"line":59,"column":8},"end":{"line":59,"column":8}}]},"4":{"line":71,"type":"if","locations":[{"start":{"line":71,"column":8},"end":{"line":71,"column":8}},{"start":{"line":71,"column":8},"end":{"line":71,"column":8}}]},"5":{"line":83,"type":"if","locations":[{"start":{"line":83,"column":8},"end":{"line":83,"column":8}},{"start":{"line":83,"column":8},"end":{"line":83,"column":8}}]},"6":{"line":119,"type":"if","locations":[{"start":{"line":119,"column":8},"end":{"line":119,"column":8}},{"start":{"line":119,"column":8},"end":{"line":119,"column":8}}]},"7":{"line":122,"type":"if","locations":[{"start":{"line":122,"column":8},"end":{"line":122,"column":8}},{"start":{"line":122,"column":8},"end":{"line":122,"column":8}}]},"8":{"line":125,"type":"if","locations":[{"start":{"line":125,"column":8},"end":{"line":125,"column":8}},{"start":{"line":125,"column":8},"end":{"line":125,"column":8}}]},"9":{"line":128,"type":"if","locations":[{"start":{"line":128,"column":8},"end":{"line":128,"column":8}},{"start":{"line":128,"column":8},"end":{"line":128,"column":8}}]},"10":{"line":131,"type":"if","locations":[{"start":{"line":131,"column":8},"end":{"line":131,"column":8}},{"start":{"line":131,"column":8},"end":{"line":131,"column":8}}]},"11":{"line":134,"type":"if","locations":[{"start":{"line":134,"column":8},"end":{"line":134,"column":8}},{"start":{"line":134,"column":8},"end":{"line":134,"column":8}}]},"12":{"line":137,"type":"if","locations":[{"start":{"line":137,"column":8},"end":{"line":137,"column":8}},{"start":{"line":137,"column":8},"end":{"line":137,"column":8}}]},"13":{"line":140,"type":"if","locations":[{"start":{"line":140,"column":8},"end":{"line":140,"column":8}},{"start":{"line":140,"column":8},"end":{"line":140,"column":8}}]},"14":{"line":143,"type":"if","locations":[{"start":{"line":143,"column":8},"end":{"line":143,"column":8}},{"start":{"line":143,"column":8},"end":{"line":143,"column":8}}]},"15":{"line":151,"type":"if","locations":[{"start":{"line":151,"column":8},"end":{"line":151,"column":8}},{"start":{"line":151,"column":8},"end":{"line":151,"column":8}}]},"16":{"line":156,"type":"if","locations":[{"start":{"line":156,"column":8},"end":{"line":156,"column":8}},{"start":{"line":156,"column":8},"end":{"line":156,"column":8}}]},"17":{"line":161,"type":"if","locations":[{"start":{"line":161,"column":8},"end":{"line":161,"column":8}},{"start":{"line":161,"column":8},"end":{"line":161,"column":8}}]},"18":{"line":166,"type":"if","locations":[{"start":{"line":166,"column":8},"end":{"line":166,"column":8}},{"start":{"line":166,"column":8},"end":{"line":166,"column":8}}]},"19":{"line":178,"type":"if","locations":[{"start":{"line":178,"column":8},"end":{"line":178,"column":8}},{"start":{"line":178,"column":8},"end":{"line":178,"column":8}}]},"20":{"line":190,"type":"if","locations":[{"start":{"line":190,"column":8},"end":{"line":190,"column":8}},{"start":{"line":190,"column":8},"end":{"line":190,"column":8}}]},"21":{"line":202,"type":"if","locations":[{"start":{"line":202,"column":8},"end":{"line":202,"column":8}},{"start":{"line":202,"column":8},"end":{"line":202,"column":8}}]}}},
"contracts/utils/Random.sol":{"l":{"7":0},"path":"/Users/lukewatson/projects/crypto/the-firm/contracts/contracts/utils/Random.sol","s":{"1":0},"b":{},"f":{"1":0},"fnMap":{"1":{"name":"random","line":6,"loc":{"start":{"line":6,"column":4},"end":{"line":8,"column":4}}}},"statementMap":{"1":{"start":{"line":7,"column":8},"end":{"line":7,"column":87}}},"branchMap":{}}}
