TN:
SF:/Users/lukewatson/projects/crypto/the-firm/contracts/contracts/Cash.sol
FN:10,constructor
FN:15,mint
FN:19,burn
FN:23,setCashMinter
FN:27,onlyAdmin
FN:32,onlyCashMinter
FNF:6
FNH:0
FNDA:0,constructor
FNDA:0,mint
FNDA:0,burn
FNDA:0,setCashMinter
FNDA:0,onlyAdmin
FNDA:0,onlyCashMinter
DA:11,0
DA:12,0
DA:16,0
DA:20,0
DA:24,0
DA:28,0
DA:29,0
DA:33,0
DA:34,0
LF:9
LH:0
BRDA:28,1,0,0
BRDA:28,1,1,0
BRDA:33,2,0,0
BRDA:33,2,1,0
BRF:4
BRH:0
end_of_record
TN:
SF:/Users/lukewatson/projects/crypto/the-firm/contracts/contracts/item/ItemBase.sol
FN:12,constructor
FN:16,mint
FN:26,destroy
FNF:3
FNH:0
FNDA:0,constructor
FNDA:0,mint
FNDA:0,destroy
DA:13,0
DA:17,0
DA:19,0
DA:20,0
DA:21,0
DA:27,0
LF:6
LH:0
BRF:0
BRH:0
end_of_record
TN:
SF:/Users/lukewatson/projects/crypto/the-firm/contracts/contracts/item/weapon/WeaponBase.sol
FN:13,constructor
FNF:1
FNH:0
FNDA:0,constructor
DA:14,0
DA:15,0
LF:2
LH:0
BRF:0
BRH:0
end_of_record
TN:
SF:/Users/lukewatson/projects/crypto/the-firm/contracts/contracts/lib/DSMath.sol
FN:21,add
FN:25,sub
FN:29,mul
FN:33,min
FN:37,max
FN:41,imin
FN:45,imax
FN:52,wmul
FN:56,rmul
FN:60,wdiv
FN:64,rdiv
FN:83,rpow
FNF:12
FNH:0
FNDA:0,add
FNDA:0,sub
FNDA:0,mul
FNDA:0,min
FNDA:0,max
FNDA:0,imin
FNDA:0,imax
FNDA:0,wmul
FNDA:0,rmul
FNDA:0,wdiv
FNDA:0,rdiv
FNDA:0,rpow
DA:22,0
DA:26,0
DA:30,0
DA:34,0
DA:38,0
DA:42,0
DA:46,0
DA:53,0
DA:57,0
DA:61,0
DA:65,0
DA:84,0
DA:86,0
DA:87,0
DA:89,0
DA:90,0
LF:16
LH:0
BRDA:22,1,0,0
BRDA:22,1,1,0
BRDA:26,2,0,0
BRDA:26,2,1,0
BRDA:30,3,0,0
BRDA:30,3,1,0
BRDA:89,4,0,0
BRDA:89,4,1,0
BRF:8
BRH:0
end_of_record
TN:
SF:/Users/lukewatson/projects/crypto/the-firm/contracts/contracts/lib/Interest.sol
FN:24,wadToRay
FN:29,weiToRay
FN:61,accrueInterest
FN:80,yearlyRateToRay
FNF:4
FNH:0
FNDA:0,wadToRay
FNDA:0,weiToRay
FNDA:0,accrueInterest
FNDA:0,yearlyRateToRay
DA:25,0
DA:30,0
DA:66,0
DA:81,0
LF:4
LH:0
BRF:0
BRH:0
end_of_record
TN:
SF:/Users/lukewatson/projects/crypto/the-firm/contracts/contracts/player/Player.sol
FN:21,constructor
FN:25,setPlayerStatsAddress
FN:29,create
FN:39,isPlayer
FN:43,onlyAdmin
FN:48,hasAccount
FNF:6
FNH:0
FNDA:0,constructor
FNDA:0,setPlayerStatsAddress
FNDA:0,create
FNDA:0,isPlayer
FNDA:0,onlyAdmin
FNDA:0,hasAccount
DA:22,0
DA:26,0
DA:30,0
DA:32,0
DA:34,0
DA:36,0
DA:40,0
DA:44,0
DA:45,0
DA:49,0
DA:50,0
LF:11
LH:0
BRDA:30,1,0,0
BRDA:30,1,1,0
BRDA:44,2,0,0
BRDA:44,2,1,0
BRDA:49,3,0,0
BRDA:49,3,1,0
BRF:6
BRH:0
end_of_record
TN:
SF:/Users/lukewatson/projects/crypto/the-firm/contracts/contracts/player/PlayerStats.sol
FN:56,constructor
FN:61,setPlayerManager
FN:65,createBasePlayer
FN:88,getPlayerStats
FN:103,getPlayerBattleStats
FN:118,getPlayerFarmingStats
FN:139,increaseFarmingStats
FN:154,increaseBattleStats
FN:165,onlyNewPlayer
FN:170,existingPlayer
FN:175,onlyPlayerManager
FN:180,onlyAdmin
FNF:12
FNH:0
FNDA:0,constructor
FNDA:0,setPlayerManager
FNDA:0,createBasePlayer
FNDA:0,getPlayerStats
FNDA:0,getPlayerBattleStats
FNDA:0,getPlayerFarmingStats
FNDA:0,increaseFarmingStats
FNDA:0,increaseBattleStats
FNDA:0,onlyNewPlayer
FNDA:0,existingPlayer
FNDA:0,onlyPlayerManager
FNDA:0,onlyAdmin
DA:57,0
DA:58,0
DA:62,0
DA:66,0
DA:68,0
DA:75,0
DA:77,0
DA:99,0
DA:100,0
DA:113,0
DA:115,0
DA:128,0
DA:130,0
DA:140,0
DA:142,0
DA:143,0
DA:144,0
DA:145,0
DA:155,0
DA:157,0
DA:158,0
DA:159,0
DA:160,0
DA:166,0
DA:167,0
DA:171,0
DA:172,0
DA:176,0
DA:177,0
DA:181,0
DA:182,0
LF:31
LH:0
BRDA:166,1,0,0
BRDA:166,1,1,0
BRDA:171,2,0,0
BRDA:171,2,1,0
BRDA:176,3,0,0
BRDA:176,3,1,0
BRDA:181,4,0,0
BRDA:181,4,1,0
BRF:8
BRH:0
end_of_record
TN:
SF:/Users/lukewatson/projects/crypto/the-firm/contracts/contracts/player/Treasury.sol
FN:17,constructor
FN:22,setCashAddress
FN:26,setCashSpender
FN:30,depositCash
FN:37,depositCashTo
FN:44,spendCash
FN:52,onlyAdmin
FN:57,onlyCashSpender
FNF:8
FNH:0
FNDA:0,constructor
FNDA:0,setCashAddress
FNDA:0,setCashSpender
FNDA:0,depositCash
FNDA:0,depositCashTo
FNDA:0,spendCash
FNDA:0,onlyAdmin
FNDA:0,onlyCashSpender
DA:18,0
DA:19,0
DA:23,0
DA:27,0
DA:31,0
DA:33,0
DA:34,0
DA:38,0
DA:40,0
DA:41,0
DA:45,0
DA:47,0
DA:49,0
DA:53,0
DA:54,0
DA:58,0
DA:59,0
LF:17
LH:0
BRDA:31,1,0,0
BRDA:31,1,1,0
BRDA:38,2,0,0
BRDA:38,2,1,0
BRDA:45,3,0,0
BRDA:45,3,1,0
BRDA:53,4,0,0
BRDA:53,4,1,0
BRDA:58,5,0,0
BRDA:58,5,1,0
BRF:10
BRH:0
end_of_record
TN:
SF:/Users/lukewatson/projects/crypto/the-firm/contracts/contracts/schemes/BaseScheme.sol
FN:23,constructor
FN:33,setRandomNumberGenerator
FN:37,setCashContract
FN:42,setTreasury
FN:46,setPlayerStats
FN:50,start
FN:54,complete
FN:56,getSchemeName
FN:60,getSuccessGauge
FN:64,increaseStats
FN:74,mint
FN:79,getScheme
FN:83,onlySchemeManager
FNF:13
FNH:0
FNDA:0,constructor
FNDA:0,setRandomNumberGenerator
FNDA:0,setCashContract
FNDA:0,setTreasury
FNDA:0,setPlayerStats
FNDA:0,start
FNDA:0,complete
FNDA:0,getSchemeName
FNDA:0,getSuccessGauge
FNDA:0,increaseStats
FNDA:0,mint
FNDA:0,getScheme
FNDA:0,onlySchemeManager
DA:28,0
DA:29,0
DA:30,0
DA:34,0
DA:38,0
DA:39,0
DA:43,0
DA:47,0
DA:51,0
DA:57,0
DA:61,0
DA:71,0
DA:75,0
DA:76,0
DA:80,0
DA:84,0
DA:85,0
LF:17
LH:0
BRDA:84,1,0,0
BRDA:84,1,1,0
BRF:2
BRH:0
end_of_record
TN:
SF:/Users/lukewatson/projects/crypto/the-firm/contracts/contracts/schemes/SchemeManager.sol
FN:30,constructor
FN:34,addScheme
FN:42,startScheme
FN:54,completeScheme
FN:64,skipScheme
FN:73,listSchemes
FN:85,start
FN:97,complete
FN:107,getOngoingScheme
FNF:9
FNH:0
FNDA:0,constructor
FNDA:0,addScheme
FNDA:0,startScheme
FNDA:0,completeScheme
FNDA:0,skipScheme
FNDA:0,listSchemes
FNDA:0,start
FNDA:0,complete
FNDA:0,getOngoingScheme
DA:31,0
DA:35,0
DA:37,0
DA:39,0
DA:43,0
DA:44,0
DA:46,0
DA:48,0
DA:50,0
DA:55,0
DA:56,0
DA:58,0
DA:59,0
DA:61,0
DA:65,0
DA:67,0
DA:68,0
DA:70,0
DA:74,0
DA:76,0
DA:77,0
DA:78,0
DA:82,0
DA:86,0
DA:88,0
DA:90,0
DA:91,0
DA:92,0
DA:98,0
DA:100,0
DA:102,0
DA:103,0
DA:104,0
DA:118,0
DA:119,0
DA:121,0
DA:129,0
LF:37
LH:0
BRDA:43,1,0,0
BRDA:43,1,1,0
BRDA:44,2,0,0
BRDA:44,2,1,0
BRDA:55,3,0,0
BRDA:55,3,1,0
BRDA:56,4,0,0
BRDA:56,4,1,0
BRDA:65,5,0,0
BRDA:65,5,1,0
BRDA:77,6,0,0
BRDA:77,6,1,0
BRDA:86,7,0,0
BRDA:86,7,1,0
BRDA:98,8,0,0
BRDA:98,8,1,0
BRDA:118,9,0,0
BRDA:118,9,1,0
BRF:18
BRH:0
end_of_record
TN:
SF:/Users/lukewatson/projects/crypto/the-firm/contracts/contracts/schemes/ScroungeForSatoshis.sol
FN:20,constructor
FNF:1
FNH:0
FNDA:0,constructor
DA:21,0
DA:22,0
LF:2
LH:0
BRF:0
BRH:0
end_of_record
TN:
SF:/Users/lukewatson/projects/crypto/the-firm/contracts/contracts/schemes/TestScheme.sol
FN:15,constructor
FN:20,start
FN:24,complete
FN:29,getSchemeName
FNF:4
FNH:0
FNDA:0,constructor
FNDA:0,start
FNDA:0,complete
FNDA:0,getSchemeName
DA:16,0
DA:17,0
DA:21,0
DA:25,0
DA:26,0
DA:30,0
LF:6
LH:0
BRF:0
BRH:0
end_of_record
TN:
SF:/Users/lukewatson/projects/crypto/the-firm/contracts/contracts/schemes/YieldFarm.sol
FN:15,constructor
FN:20,start
FN:24,complete
FN:32,getSchemeName
FNF:4
FNH:0
FNDA:0,constructor
FNDA:0,start
FNDA:0,complete
FNDA:0,getSchemeName
DA:16,0
DA:17,0
DA:21,0
DA:25,0
DA:27,0
DA:28,0
DA:33,0
LF:7
LH:0
BRDA:27,1,0,0
BRDA:27,1,1,0
BRF:2
BRH:0
end_of_record
TN:
SF:/Users/lukewatson/projects/crypto/the-firm/contracts/contracts/Shop.sol
FN:26,setTreasuryContract
FN:30,list
FN:40,update
FN:48,remove
FN:68,purchase
FN:82,getItemCount
FN:86,isEntity
FN:94,getItems
FNF:8
FNH:0
FNDA:0,setTreasuryContract
FNDA:0,list
FNDA:0,update
FNDA:0,remove
FNDA:0,purchase
FNDA:0,getItemCount
FNDA:0,isEntity
FNDA:0,getItems
DA:27,0
DA:31,0
DA:33,0
DA:35,0
DA:37,0
DA:41,0
DA:43,0
DA:45,0
DA:49,0
DA:51,0
DA:54,0
DA:56,0
DA:59,0
DA:62,0
DA:63,0
DA:65,0
DA:69,0
DA:71,0
DA:72,0
DA:74,0
DA:76,0
DA:77,0
DA:79,0
DA:83,0
DA:87,0
DA:88,0
DA:91,0
DA:95,0
DA:96,0
DA:98,0
DA:99,0
DA:100,0
DA:103,0
LF:33
LH:0
BRDA:31,1,0,0
BRDA:31,1,1,0
BRDA:41,2,0,0
BRDA:41,2,1,0
BRDA:49,3,0,0
BRDA:49,3,1,0
BRDA:54,4,0,0
BRDA:54,4,1,0
BRDA:74,5,0,0
BRDA:74,5,1,0
BRDA:87,6,0,0
BRDA:87,6,1,0
BRF:12
BRH:0
end_of_record
TN:
SF:/Users/lukewatson/projects/crypto/the-firm/contracts/contracts/training/Training.sol
FN:30,setPlayerStats
FN:34,start
FN:46,finish
FN:98,calculateStatIncrease
FN:111,resetTraining
FN:118,getDurationAndMultiplier
FN:150,isTraining
FN:155,trainingFinished
FN:160,notTraining
FN:165,skipFinish
FNF:10
FNH:0
FNDA:0,setPlayerStats
FNDA:0,start
FNDA:0,finish
FNDA:0,calculateStatIncrease
FNDA:0,resetTraining
FNDA:0,getDurationAndMultiplier
FNDA:0,isTraining
FNDA:0,trainingFinished
FNDA:0,notTraining
FNDA:0,skipFinish
DA:31,0
DA:35,0
DA:37,0
DA:39,0
DA:40,0
DA:41,0
DA:42,0
DA:43,0
DA:47,0
DA:48,0
DA:50,0
DA:59,0
DA:60,0
DA:62,0
DA:71,0
DA:72,0
DA:74,0
DA:83,0
DA:84,0
DA:86,0
DA:95,0
DA:99,0
DA:101,0
DA:104,0
DA:106,0
DA:108,0
DA:112,0
DA:113,0
DA:114,0
DA:115,0
DA:119,0
DA:120,0
DA:122,0
DA:123,0
DA:125,0
DA:126,0
DA:128,0
DA:129,0
DA:131,0
DA:132,0
DA:134,0
DA:135,0
DA:137,0
DA:138,0
DA:140,0
DA:141,0
DA:143,0
DA:144,0
DA:147,0
DA:151,0
DA:152,0
DA:156,0
DA:157,0
DA:161,0
DA:162,0
DA:166,0
DA:167,0
DA:169,0
DA:178,0
DA:179,0
DA:181,0
DA:190,0
DA:191,0
DA:193,0
DA:202,0
DA:203,0
DA:205,0
DA:214,0
LF:68
LH:0
BRDA:35,1,0,0
BRDA:35,1,1,0
BRDA:47,2,0,0
BRDA:47,2,1,0
BRDA:59,3,0,0
BRDA:59,3,1,0
BRDA:71,4,0,0
BRDA:71,4,1,0
BRDA:83,5,0,0
BRDA:83,5,1,0
BRDA:119,6,0,0
BRDA:119,6,1,0
BRDA:122,7,0,0
BRDA:122,7,1,0
BRDA:125,8,0,0
BRDA:125,8,1,0
BRDA:128,9,0,0
BRDA:128,9,1,0
BRDA:131,10,0,0
BRDA:131,10,1,0
BRDA:134,11,0,0
BRDA:134,11,1,0
BRDA:137,12,0,0
BRDA:137,12,1,0
BRDA:140,13,0,0
BRDA:140,13,1,0
BRDA:143,14,0,0
BRDA:143,14,1,0
BRDA:151,15,0,0
BRDA:151,15,1,0
BRDA:156,16,0,0
BRDA:156,16,1,0
BRDA:161,17,0,0
BRDA:161,17,1,0
BRDA:166,18,0,0
BRDA:166,18,1,0
BRDA:178,19,0,0
BRDA:178,19,1,0
BRDA:190,20,0,0
BRDA:190,20,1,0
BRDA:202,21,0,0
BRDA:202,21,1,0
BRF:42
BRH:0
end_of_record
TN:
SF:/Users/lukewatson/projects/crypto/the-firm/contracts/contracts/utils/Random.sol
FN:6,random
FNF:1
FNH:0
FNDA:0,random
DA:7,0
LF:1
LH:0
BRF:0
BRH:0
end_of_record
